2021-10-23 04:39:00 WARN  ClassPathMapperScanner:44 - No MyBatis mapper was found in '[com.imooc]' package. Please check your configuration.
2021-10-23 04:39:00 INFO  PostProcessorRegistrationDelegate$BeanPostProcessorChecker:330 - Bean 'org.springframework.transaction.annotation.ProxyTransactionManagementConfiguration' of type [org.springframework.transaction.annotation.ProxyTransactionManagementConfiguration$$EnhancerBySpringCGLIB$$9f617119] is not eligible for getting processed by all BeanPostProcessors (for example: not eligible for auto-proxying)
2021-10-23 04:39:00 INFO  TomcatWebServer:90 - Tomcat initialized with port(s): 8088 (http)
2021-10-23 04:39:01 INFO  ContextLoader:296 - Root WebApplicationContext: initialization completed in 1886 ms
2021-10-23 04:39:02 INFO  ThreadPoolTaskExecutor:171 - Initializing ExecutorService 'applicationTaskExecutor'
2021-10-23 04:39:02 INFO  MapperCacheDisabler:60 - Clear tk.mybatis.mapper.util.MsUtil CLASS_CACHE cache.
2021-10-23 04:39:02 INFO  MapperCacheDisabler:60 - Clear tk.mybatis.mapper.genid.GenIdUtil CACHE cache.
2021-10-23 04:39:02 INFO  MapperCacheDisabler:60 - Clear tk.mybatis.mapper.version.VersionUtil CACHE cache.
2021-10-23 04:39:02 INFO  MapperCacheDisabler:83 - Clear EntityHelper entityTableMap cache.
2021-10-23 04:39:03 INFO  DocumentationPluginsBootstrapper:84 - Context refreshed
2021-10-23 04:39:03 INFO  DocumentationPluginsBootstrapper:87 - Found 1 custom documentation plugin(s)
2021-10-23 04:39:03 INFO  ApiListingReferenceScanner:44 - Scanning for api listing references
2021-10-23 04:39:03 INFO  TomcatWebServer:204 - Tomcat started on port(s): 8088 (http) with context path ''
2021-10-23 04:39:03 INFO  Application:59 - Started Application in 4.565 seconds (JVM running for 4.993)
2021-10-23 04:39:11 INFO  DispatcherServlet:524 - Initializing Servlet 'dispatcherServlet'
2021-10-23 04:39:11 INFO  DispatcherServlet:546 - Completed initialization in 12 ms
2021-10-23 04:39:17 INFO  ServiceLogAspect:57 - --------- 开始执行 class com.imooc.service.impl.CategoryServiceImpl.queryAllRootLevelCat ---------
2021-10-23 04:39:17 INFO  ServiceLogAspect:57 - --------- 开始执行 class com.imooc.service.impl.CarouselServiceImpl.queryAllCarousel ---------
2021-10-23 04:39:17 INFO  HikariDataSource:110 - DateSourceHikariCP - Starting...
2021-10-23 04:39:17 INFO  HikariDataSource:123 - DateSourceHikariCP - Start completed.
2021-10-23 04:39:17 INFO  ServiceLogAspect:87 - --------- 结束执行 class com.imooc.service.impl.CarouselServiceImpl.queryAllCarousel, 耗时: 379 毫秒 ---------
2021-10-23 04:39:17 INFO  ServiceLogAspect:87 - --------- 结束执行 class com.imooc.service.impl.CategoryServiceImpl.queryAllRootLevelCat, 耗时: 380 毫秒 ---------
2021-10-23 04:39:17 INFO  ServiceLogAspect:57 - --------- 开始执行 class com.imooc.service.impl.CategoryServiceImpl.getSixNewItemsLazy ---------
2021-10-23 04:39:17 INFO  ServiceLogAspect:87 - --------- 结束执行 class com.imooc.service.impl.CategoryServiceImpl.getSixNewItemsLazy, 耗时: 9 毫秒 ---------
2021-10-23 04:39:17 INFO  ServiceLogAspect:57 - --------- 开始执行 class com.imooc.service.impl.CategoryServiceImpl.getSubCatList ---------
2021-10-23 04:39:17 INFO  ServiceLogAspect:87 - --------- 结束执行 class com.imooc.service.impl.CategoryServiceImpl.getSubCatList, 耗时: 6 毫秒 ---------
2021-10-23 04:39:19 INFO  ServiceLogAspect:57 - --------- 开始执行 class com.imooc.service.impl.CategoryServiceImpl.getSubCatList ---------
2021-10-23 04:39:19 INFO  ServiceLogAspect:87 - --------- 结束执行 class com.imooc.service.impl.CategoryServiceImpl.getSubCatList, 耗时: 8 毫秒 ---------
2021-10-23 04:39:21 INFO  ServiceLogAspect:57 - --------- 开始执行 class com.imooc.service.impl.CategoryServiceImpl.getSubCatList ---------
2021-10-23 04:39:21 INFO  ServiceLogAspect:87 - --------- 结束执行 class com.imooc.service.impl.CategoryServiceImpl.getSubCatList, 耗时: 7 毫秒 ---------
2021-10-23 04:39:22 INFO  ServiceLogAspect:57 - --------- 开始执行 class com.imooc.service.impl.CategoryServiceImpl.getSubCatList ---------
2021-10-23 04:39:22 INFO  ServiceLogAspect:87 - --------- 结束执行 class com.imooc.service.impl.CategoryServiceImpl.getSubCatList, 耗时: 6 毫秒 ---------
2021-10-23 04:39:25 INFO  ServiceLogAspect:57 - --------- 开始执行 class com.imooc.service.impl.ItemServiceImpl.searchItems ---------
2021-10-23 04:39:25 INFO  ServiceLogAspect:87 - --------- 结束执行 class com.imooc.service.impl.ItemServiceImpl.searchItems, 耗时: 75 毫秒 ---------
2021-10-23 04:39:29 INFO  ServiceLogAspect:57 - --------- 开始执行 class com.imooc.service.impl.ItemServiceImpl.searchItems ---------
2021-10-23 04:39:29 INFO  ServiceLogAspect:87 - --------- 结束执行 class com.imooc.service.impl.ItemServiceImpl.searchItems, 耗时: 9 毫秒 ---------
2021-10-23 04:39:31 INFO  ServiceLogAspect:57 - --------- 开始执行 class com.imooc.service.impl.ItemServiceImpl.searchItems ---------
2021-10-23 04:39:31 INFO  ServiceLogAspect:87 - --------- 结束执行 class com.imooc.service.impl.ItemServiceImpl.searchItems, 耗时: 10 毫秒 ---------
2021-10-23 04:39:32 INFO  ServiceLogAspect:57 - --------- 开始执行 class com.imooc.service.impl.ItemServiceImpl.searchItems ---------
2021-10-23 04:39:32 INFO  ServiceLogAspect:87 - --------- 结束执行 class com.imooc.service.impl.ItemServiceImpl.searchItems, 耗时: 9 毫秒 ---------
2021-10-23 04:39:39 INFO  ServiceLogAspect:57 - --------- 开始执行 class com.imooc.service.impl.ItemServiceImpl.searchItems ---------
2021-10-23 04:39:39 INFO  ServiceLogAspect:87 - --------- 结束执行 class com.imooc.service.impl.ItemServiceImpl.searchItems, 耗时: 10 毫秒 ---------
2021-10-23 04:39:40 INFO  ServiceLogAspect:57 - --------- 开始执行 class com.imooc.service.impl.ItemServiceImpl.searchItems ---------
2021-10-23 04:39:40 INFO  ServiceLogAspect:87 - --------- 结束执行 class com.imooc.service.impl.ItemServiceImpl.searchItems, 耗时: 9 毫秒 ---------
2021-10-23 04:39:41 INFO  ServiceLogAspect:57 - --------- 开始执行 class com.imooc.service.impl.ItemServiceImpl.searchItems ---------
2021-10-23 04:39:41 INFO  ServiceLogAspect:87 - --------- 结束执行 class com.imooc.service.impl.ItemServiceImpl.searchItems, 耗时: 8 毫秒 ---------
